<?xml version="1.0" encoding="UTF-8"?>
<coverage generated="1635974967732" clover="3.2.0">
  <project timestamp="1635974967732" name="All files">
    <metrics statements="19" coveredstatements="6" conditionals="2" coveredconditionals="0" methods="7" coveredmethods="1" elements="28" coveredelements="7" complexity="0" loc="19" ncloc="19" packages="1" files="1" classes="1"/>
    <file name="functions.js" path="/home/taher/Documents/Microverse_Program/Module_2/Todo-List/src/functions.js">
      <metrics statements="19" coveredstatements="6" conditionals="2" coveredconditionals="0" methods="7" coveredmethods="1"/>
      <line num="2" count="1" type="stmt"/>
      <line num="3" count="2" type="stmt"/>
      <line num="4" count="2" type="stmt"/>
      <line num="8" count="1" type="stmt"/>
      <line num="9" count="0" type="stmt"/>
      <line num="10" count="0" type="stmt"/>
      <line num="11" count="0" type="cond" truecount="0" falsecount="2"/>
      <line num="12" count="0" type="stmt"/>
      <line num="15" count="0" type="stmt"/>
      <line num="16" count="0" type="stmt"/>
      <line num="20" count="1" type="stmt"/>
      <line num="21" count="0" type="stmt"/>
      <line num="22" count="0" type="stmt"/>
      <line num="23" count="0" type="stmt"/>
      <line num="24" count="0" type="stmt"/>
      <line num="29" count="1" type="stmt"/>
      <line num="30" count="0" type="stmt"/>
      <line num="31" count="0" type="stmt"/>
      <line num="32" count="0" type="stmt"/>
    </file>
  </project>
</coverage>
